<?xml version="1.0" encoding="UTF-8"?>
<!-- Generated by org.testng.reporters.JUnitReportReporter -->
<testsuite hostname="DESKTOP-5UUARO8" failures="0" tests="2" name="testclasses.HomeTest1" time="78.237" errors="0" timestamp="2023-09-19T15:20:55 IST" skipped="0">
  <testcase classname="testclasses.HomeTest1" name="verifyDropDown" time="38.669"/>
  <testcase classname="testclasses.HomeTest1" name="verifySendKeys" time="39.568"/>
</testsuite> <!-- testclasses.HomeTest1 -->
